
<testsuite name="/cfeventmanager/com/andreacfm/cfem/test" hostname="127.0.0.1" tests="37" failures="0" errors="0" timestamp="08/10/10 5:31:31 PM" time="5.997"><properties>
[...]
</properties><testcase classname=".cfeventmanager.com.andreacfm.cfem.test.EventManagerTest" name="test_init" time="0.117"></testcase><testcase classname=".cfeventmanager.com.andreacfm.cfem.test.EventManagerTest" name="test_addEvent" time="0.072"></testcase><testcase classname=".cfeventmanager.com.andreacfm.cfem.test.EventManagerTest" name="testParser_illegal_path" time="0.103"></testcase><testcase classname=".cfeventmanager.com.andreacfm.cfem.test.EventManagerTest" name="testCreateAction" time="0.082"></testcase><testcase classname=".cfeventmanager.com.andreacfm.cfem.test.EventManagerTest" name="test_interception_create_failing_evaluation_condition" time="0.083"></testcase><testcase classname=".cfeventmanager.com.andreacfm.cfem.test.EventManagerTest" name="test_addEvents" time="0.058"></testcase><testcase classname=".cfeventmanager.com.andreacfm.cfem.test.EventManagerTest" name="test_interception_create_illegal_condition" time="0.064"></testcase><testcase classname=".cfeventmanager.com.andreacfm.cfem.test.EventManagerTest" name="test_listenerParser_factory_create" time="0.051"></testcase><testcase classname=".cfeventmanager.com.andreacfm.cfem.test.EventManagerTest" name="test_createInterception_fail_if_type_default_with_no_actions" time="0.322"></testcase><testcase classname=".cfeventmanager.com.andreacfm.cfem.test.EventManagerTest" name="testParser_init" time="0.082"></testcase><testcase classname=".cfeventmanager.com.andreacfm.cfem.test.EventManagerTest" name="testAddInterception" time="0.056"></testcase><testcase classname=".cfeventmanager.com.andreacfm.cfem.test.EventManagerTest" name="testParser_run" time="0.067"></testcase><testcase classname=".cfeventmanager.com.andreacfm.cfem.test.EventManagerTest" name="test_event_factory_create_and_register_observers" time="0.058"></testcase><testcase classname=".cfeventmanager.com.andreacfm.cfem.test.EventManagerTest" name="test_actions_factory_create" time="0.06"></testcase><testcase classname=".cfeventmanager.com.andreacfm.cfem.test.EventManagerTest" name="test_listener_factory_create" time="0.093"></testcase><testcase classname=".cfeventmanager.com.andreacfm.cfem.test.EventManagerTest" name="test_interception_factory_create" time="0.058"></testcase><testcase classname=".cfeventmanager.com.andreacfm.cfem.test.EventManagerTest" name="test_interception_create_illegal_point" time="0.077"></testcase><testcase classname=".cfeventmanager.com.andreacfm.cfem.test.EventManagerTest" name="test_event_factory_create" time="0.057"></testcase><testcase classname=".cfeventmanager.com.andreacfm.cfem.test.EventManagerTest" name="tets_actions_factory_create_illegal_name" time="0.072"></testcase><testcase classname=".cfeventmanager.com.andreacfm.cfem.test.EventManagerTest" name="test_add_event_with_interceptions_and_actions" time="0.233"></testcase><testcase classname=".cfeventmanager.com.andreacfm.cfem.test.EventManagerTest" name="test_getFactory" time="0.088"></testcase><testcase classname=".cfeventmanager.com.andreacfm.cfem.test.EventManagerTest" name="testCreateInterception" time="0.17"></testcase><testcase classname=".cfeventmanager.com.andreacfm.cfem.test.EventManagerTest" name="test_dispatcher_factory_create" time="0.113"></testcase><testcase classname=".cfeventmanager.com.andreacfm.cfem.test.EventManagerTest" name="testParser_run_recurse" time="0.087"></testcase><testcase classname=".cfeventmanager.com.andreacfm.cfem.test.EventManagerTest" name="test_adding_existing_event" time="0.105"></testcase><testcase classname=".cfeventmanager.com.andreacfm.cfem.test.LoggingTest" name="test_setLogger" time="0.033"></testcase><testcase classname=".cfeventmanager.com.andreacfm.cfem.test.LoggingTest" name="test_config_properties" time="0.052"></testcase><testcase classname=".cfeventmanager.com.andreacfm.cfem.test.AppenderTest" name="test_log_lower_level_should_not_log" time="0.053"></testcase><testcase classname=".cfeventmanager.com.andreacfm.cfem.test.AppenderTest" name="testinit" time="0.003"></testcase><testcase classname=".cfeventmanager.com.andreacfm.cfem.test.AppenderTest" name="test_level_do_not exists" time="0.005"></testcase><testcase classname=".cfeventmanager.com.andreacfm.cfem.test.AppenderTest" name="test_log" time="0.053"></testcase><testcase classname=".cfeventmanager.com.andreacfm.cfem.test.RegressionTest" name="test_parse_listener_programmatically" time="0.044"></testcase><testcase classname=".cfeventmanager.com.andreacfm.cfem.test.RegressionTest" name="testLoadFromXmlObject" time="0.045"></testcase><testcase classname=".cfeventmanager.com.andreacfm.cfem.test.RegressionTest" name="testLoadFromXmlRaw" time="0.051"></testcase><testcase classname=".cfeventmanager.com.andreacfm.cfem.test.RegressionTest" name="testLoadFromXmlPath" time="0.067"></testcase><testcase classname=".cfeventmanager.com.andreacfm.cfem.test.RegressionTest" name="test_parse_listener_programmatically_recurse" time="0.037"></testcase><testcase classname=".cfeventmanager.com.andreacfm.cfem.test.RegressionTest" name="test_dispatch_Asynch_Events" time="3.027"></testcase></testsuite>
